

Started GET "/genres" for ::1 at 2015-11-21 16:54:03 -0800
  [1m[36mActiveRecord::SchemaMigration Load (1.2ms)[0m  [1mSELECT "schema_migrations".* FROM "schema_migrations"[0m

ActionController::RoutingError (No route matches [GET] "/genres"):
  actionpack (4.2.4) lib/action_dispatch/middleware/debug_exceptions.rb:21:in `call'
  web-console (2.2.1) lib/web_console/middleware.rb:39:in `call'
  actionpack (4.2.4) lib/action_dispatch/middleware/show_exceptions.rb:30:in `call'
  railties (4.2.4) lib/rails/rack/logger.rb:38:in `call_app'
  railties (4.2.4) lib/rails/rack/logger.rb:20:in `block in call'
  activesupport (4.2.4) lib/active_support/tagged_logging.rb:68:in `block in tagged'
  activesupport (4.2.4) lib/active_support/tagged_logging.rb:26:in `tagged'
  activesupport (4.2.4) lib/active_support/tagged_logging.rb:68:in `tagged'
  railties (4.2.4) lib/rails/rack/logger.rb:20:in `call'
  actionpack (4.2.4) lib/action_dispatch/middleware/request_id.rb:21:in `call'
  rack (1.6.4) lib/rack/methodoverride.rb:22:in `call'
  rack (1.6.4) lib/rack/runtime.rb:18:in `call'
  activesupport (4.2.4) lib/active_support/cache/strategy/local_cache_middleware.rb:28:in `call'
  rack (1.6.4) lib/rack/lock.rb:17:in `call'
  actionpack (4.2.4) lib/action_dispatch/middleware/static.rb:116:in `call'
  rack (1.6.4) lib/rack/sendfile.rb:113:in `call'
  railties (4.2.4) lib/rails/engine.rb:518:in `call'
  railties (4.2.4) lib/rails/application.rb:165:in `call'
  rack (1.6.4) lib/rack/lock.rb:17:in `call'
  rack (1.6.4) lib/rack/content_length.rb:15:in `call'
  rack (1.6.4) lib/rack/handler/webrick.rb:88:in `service'
  /Users/danielle/.rvm/rubies/ruby-2.2.1/lib/ruby/2.2.0/webrick/httpserver.rb:138:in `service'
  /Users/danielle/.rvm/rubies/ruby-2.2.1/lib/ruby/2.2.0/webrick/httpserver.rb:94:in `run'
  /Users/danielle/.rvm/rubies/ruby-2.2.1/lib/ruby/2.2.0/webrick/server.rb:294:in `block in start_thread'


  Rendered /Users/danielle/.rvm/gems/ruby-2.2.1/gems/actionpack-4.2.4/lib/action_dispatch/middleware/templates/rescues/_trace.html.erb (2.8ms)
  Rendered /Users/danielle/.rvm/gems/ruby-2.2.1/gems/actionpack-4.2.4/lib/action_dispatch/middleware/templates/routes/_route.html.erb (1.9ms)
  Rendered /Users/danielle/.rvm/gems/ruby-2.2.1/gems/actionpack-4.2.4/lib/action_dispatch/middleware/templates/routes/_table.html.erb (24.8ms)
  Rendered /Users/danielle/.rvm/gems/ruby-2.2.1/gems/actionpack-4.2.4/lib/action_dispatch/middleware/templates/rescues/_request_and_response.html.erb (14.6ms)
  Rendered /Users/danielle/.rvm/gems/ruby-2.2.1/gems/actionpack-4.2.4/lib/action_dispatch/middleware/templates/rescues/routing_error.html.erb within rescues/layout (174.9ms)
  Rendered /Users/danielle/.rvm/gems/ruby-2.2.1/gems/web-console-2.2.1/lib/web_console/templates/_markup.html.erb (0.6ms)
  Rendered /Users/danielle/.rvm/gems/ruby-2.2.1/gems/web-console-2.2.1/lib/web_console/templates/_inner_console_markup.html.erb within layouts/inlined_string (0.6ms)
  Rendered /Users/danielle/.rvm/gems/ruby-2.2.1/gems/web-console-2.2.1/lib/web_console/templates/_prompt_box_markup.html.erb within layouts/inlined_string (0.4ms)
  Rendered /Users/danielle/.rvm/gems/ruby-2.2.1/gems/web-console-2.2.1/lib/web_console/templates/style.css.erb within layouts/inlined_string (0.4ms)
  Rendered /Users/danielle/.rvm/gems/ruby-2.2.1/gems/web-console-2.2.1/lib/web_console/templates/console.js.erb within layouts/javascript (72.0ms)
  Rendered /Users/danielle/.rvm/gems/ruby-2.2.1/gems/web-console-2.2.1/lib/web_console/templates/main.js.erb within layouts/javascript (0.3ms)
  Rendered /Users/danielle/.rvm/gems/ruby-2.2.1/gems/web-console-2.2.1/lib/web_console/templates/error_page.js.erb within layouts/javascript (0.5ms)
  Rendered /Users/danielle/.rvm/gems/ruby-2.2.1/gems/web-console-2.2.1/lib/web_console/templates/index.html.erb (151.1ms)


Started GET "/" for ::1 at 2015-11-21 16:54:07 -0800
Processing by UsersController#new as HTML
  Rendered users/new.html.erb within layouts/application (19.1ms)
  Rendered application/_nav.html.erb (0.8ms)
Completed 200 OK in 3947ms (Views: 3879.3ms | ActiveRecord: 12.3ms)


Started GET "/" for ::1 at 2015-11-21 16:54:11 -0800
Processing by UsersController#new as HTML
  Rendered users/new.html.erb within layouts/application (0.9ms)
  Rendered application/_nav.html.erb (0.1ms)
Completed 200 OK in 377ms (Views: 376.4ms | ActiveRecord: 0.0ms)


Started GET "/assets/events.self-e3b0c44298fc1c149afbf4c8996fb92427ae41e4649b934ca495991b7852b855.css?body=1" for ::1 at 2015-11-21 16:54:11 -0800


Started GET "/assets/twitter/bootstrap.self-d7e1376b07cabe69dbc6b3b78a5babda2587322b97ddb51cc284347e18d6eb0b.css?body=1" for ::1 at 2015-11-21 16:54:12 -0800


Started GET "/assets/cities.self-ecad36385cd0db6ab7f9414e5eab8e5fb24940b441d8c833892178a81a85914d.css?body=1" for ::1 at 2015-11-21 16:54:12 -0800


Started GET "/assets/user.self-434b1219ce95a50c0395a14e17606756f7a9bb19fc0966e419f989c508e9fad4.css?body=1" for ::1 at 2015-11-21 16:54:12 -0800


Started GET "/assets/application.self-7aa01326da5ee1b214c20188a2c465031d474070a3480aa1e02b1a1b47583f7a.css?body=1" for ::1 at 2015-11-21 16:54:12 -0800


Started GET "/assets/twitter/bootstrap/transition.self-09ff30b1e8a93d1f7728b9855f55d9c9d8d5734c8861e0d8139994e50944572a.js?body=1" for ::1 at 2015-11-21 16:54:12 -0800


Started GET "/assets/twitter/bootstrap/alert.self-a29e91e8cd3ddaba9bbc466901d53ec2127e9256b9b941905d525a3a716bd1a5.js?body=1" for ::1 at 2015-11-21 16:54:12 -0800


Started GET "/assets/twitter/bootstrap/modal.self-72f95ffa1071297725a9ac91989693d56d1abf23f441a47455073b0da2857a5b.js?body=1" for ::1 at 2015-11-21 16:54:12 -0800


Started GET "/assets/twitter/bootstrap/dropdown.self-9314126777c6be5443e37ea7f7967d7914d72b3e60449ba50edc967446373059.js?body=1" for ::1 at 2015-11-21 16:54:12 -0800


Started GET "/assets/twitter/bootstrap/scrollspy.self-a155b9d4b2f978905f0326c0f6635e1134fe91c6bfbfcbad079fa24a9fef2b0e.js?body=1" for ::1 at 2015-11-21 16:54:12 -0800


Started GET "/assets/twitter/bootstrap/tab.self-122235057fbd4c6c7da377d59dc58f47b44cb1088a2e38e6ee6ce9d8ac29a26a.js?body=1" for ::1 at 2015-11-21 16:54:12 -0800


Started GET "/assets/twitter/bootstrap/tooltip.self-11cf547be953f25f511cec668f6690473fd97b2f65502e4032f4030999a3f0c3.js?body=1" for ::1 at 2015-11-21 16:54:12 -0800


Started GET "/assets/twitter/bootstrap/popover.self-77d8e3a2499c1104ef146396a68b82469ee2bdb365199b874694698d10405e9a.js?body=1" for ::1 at 2015-11-21 16:54:12 -0800


Started GET "/assets/twitter/bootstrap/button.self-a6cb16785434acb365ae426aef9f1fce05ed553cae7a965e4471c3da71509175.js?body=1" for ::1 at 2015-11-21 16:54:12 -0800


Started GET "/assets/twitter/bootstrap/collapse.self-7dc8bfbc2fbfabd2bad62c58ff8ffeaf8f20fb87c7ca6cd35f06d4dc19632587.js?body=1" for ::1 at 2015-11-21 16:54:12 -0800


Started GET "/assets/twitter/bootstrap/carousel.self-57eb8422043cf0a85b7a9dc6843916eb0a3e35b419c7798a5eb254b918997631.js?body=1" for ::1 at 2015-11-21 16:54:12 -0800


Started GET "/assets/twitter/bootstrap.self-fbfa5ad7d9aa0afe439ec4ff3883acc4cb92b62cb67c40d674320c9aa1d4642d.js?body=1" for ::1 at 2015-11-21 16:54:12 -0800


Started GET "/assets/twitter/bootstrap/affix.self-d2b642d8fbfc1d7041e2edefd66683ada567a980789dcd6f94fddda0b33408b5.js?body=1" for ::1 at 2015-11-21 16:54:12 -0800


Started GET "/assets/googlemaps.self-a1edb212caac7e225bfb940b25ce4f2b2bd6b1f67e3e0e04a901f071c1f63dab.js?body=1" for ::1 at 2015-11-21 16:54:12 -0800


Started GET "/assets/cities.self-877aef30ae1b040ab8a3aba4e3e309a11d7f2612f44dde450b5c157aa5f95c05.js?body=1" for ::1 at 2015-11-21 16:54:12 -0800


Started GET "/assets/events.self-877aef30ae1b040ab8a3aba4e3e309a11d7f2612f44dde450b5c157aa5f95c05.js?body=1" for ::1 at 2015-11-21 16:54:12 -0800


Started GET "/assets/user.self-877aef30ae1b040ab8a3aba4e3e309a11d7f2612f44dde450b5c157aa5f95c05.js?body=1" for ::1 at 2015-11-21 16:54:12 -0800


Started GET "/assets/application.self-74b52f8c0437f764ea5db8f201abddf8fc1fb583436647bf951a0ef8c0ded4e6.js?body=1" for ::1 at 2015-11-21 16:54:12 -0800


Started GET "/assets/greybg.jpg" for ::1 at 2015-11-21 16:54:12 -0800


Started GET "/assets/vault.jpg" for ::1 at 2015-11-21 16:54:12 -0800


Started GET "/" for ::1 at 2015-11-21 16:54:12 -0800
Processing by UsersController#new as HTML
  Rendered users/new.html.erb within layouts/application (1.6ms)
  Rendered application/_nav.html.erb (0.1ms)
Completed 200 OK in 393ms (Views: 392.1ms | ActiveRecord: 0.0ms)


Started GET "/assets/greybg.jpg" for ::1 at 2015-11-21 16:54:13 -0800


Started GET "/assets/vault.jpg" for ::1 at 2015-11-21 16:54:13 -0800


Started GET "/login" for ::1 at 2015-11-21 16:54:14 -0800
Processing by SessionsController#new as HTML
  Rendered sessions/new.html.erb within layouts/application (1.3ms)
  Rendered application/_nav.html.erb (0.7ms)
Completed 200 OK in 362ms (Views: 360.5ms | ActiveRecord: 0.0ms)


Started GET "/users/new" for ::1 at 2015-11-21 16:54:16 -0800
Processing by UsersController#new as HTML
  Rendered users/new.html.erb within layouts/application (1.6ms)
  Rendered application/_nav.html.erb (0.1ms)
Completed 200 OK in 378ms (Views: 377.3ms | ActiveRecord: 0.0ms)


Started POST "/users" for ::1 at 2015-11-21 16:54:43 -0800
Processing by UsersController#create as HTML
  Parameters: {"utf8"=>"✓", "authenticity_token"=>"7c0S6R6sc3uZEA3Ni7cqMAlR4tQLWIp9wrSXv/B3lCqHp4OY7SHOIdXlAob03v3nfQrTJBhGqzTOKPSUgssFfg==", "user"=>{"alias"=>"Sexy", "first_name"=>"Ace", "last_name"=>"theCat", "email"=>"ace@meow.com", "password"=>"[FILTERED]", "avatar"=>#<ActionDispatch::Http::UploadedFile:0x007feae25e4870 @tempfile=#<Tempfile:/var/folders/kq/t4gd5ln55473b7rntgt9ql1h0000gn/T/RackMultipart20151121-5019-zvxfh2.jpg>, @original_filename="kench1_large.jpg", @content_type="image/jpeg", @headers="Content-Disposition: form-data; name=\"user[avatar]\"; filename=\"kench1_large.jpg\"\r\nContent-Type: image/jpeg\r\n">}, "commit"=>"Sign Up"}
Command :: file -b --mime '/var/folders/kq/t4gd5ln55473b7rntgt9ql1h0000gn/T/b9f119c5edb81f317f88dfa27640052520151121-5019-1i2qujq.jpg'
Command :: identify -format '%wx%h,%[exif:orientation]' '/var/folders/kq/t4gd5ln55473b7rntgt9ql1h0000gn/T/b9f119c5edb81f317f88dfa27640052520151121-5019-1v9yaqc.jpg[0]' 2>/dev/null
Command :: identify -format %m '/var/folders/kq/t4gd5ln55473b7rntgt9ql1h0000gn/T/b9f119c5edb81f317f88dfa27640052520151121-5019-1v9yaqc.jpg[0]'
Command :: convert '/var/folders/kq/t4gd5ln55473b7rntgt9ql1h0000gn/T/b9f119c5edb81f317f88dfa27640052520151121-5019-1v9yaqc.jpg[0]' -auto-orient -resize "150x150>" '/var/folders/kq/t4gd5ln55473b7rntgt9ql1h0000gn/T/350d64c3551a85d117742e90253852f820151121-5019-21yyhh'
Command :: identify -format '%wx%h,%[exif:orientation]' '/var/folders/kq/t4gd5ln55473b7rntgt9ql1h0000gn/T/b9f119c5edb81f317f88dfa27640052520151121-5019-1v9yaqc.jpg[0]' 2>/dev/null
Command :: identify -format %m '/var/folders/kq/t4gd5ln55473b7rntgt9ql1h0000gn/T/b9f119c5edb81f317f88dfa27640052520151121-5019-1v9yaqc.jpg[0]'
Command :: convert '/var/folders/kq/t4gd5ln55473b7rntgt9ql1h0000gn/T/b9f119c5edb81f317f88dfa27640052520151121-5019-1v9yaqc.jpg[0]' -auto-orient -resize "x44" -crop "44x44+1+0" +repage '/var/folders/kq/t4gd5ln55473b7rntgt9ql1h0000gn/T/350d64c3551a85d117742e90253852f820151121-5019-87sm9t'
  [1m[35m (0.2ms)[0m  BEGIN
  [1m[36mUser Exists (4.1ms)[0m  [1mSELECT  1 AS one FROM "users" WHERE ("users"."id" IS NOT NULL) AND "users"."slug" = $1 LIMIT 1[0m  [["slug", "sexy"]]
  [1m[35mUser Exists (0.7ms)[0m  SELECT  1 AS one FROM "users" WHERE "users"."email" = 'ace@meow.com' LIMIT 1
  [1m[36mUser Exists (0.6ms)[0m  [1mSELECT  1 AS one FROM "users" WHERE "users"."alias" = 'Sexy' LIMIT 1[0m
Command :: file -b --mime '/var/folders/kq/t4gd5ln55473b7rntgt9ql1h0000gn/T/b9f119c5edb81f317f88dfa27640052520151121-5019-7vp420.jpg'
  [1m[35mSQL (3.0ms)[0m  INSERT INTO "users" ("alias", "first_name", "last_name", "email", "password_digest", "avatar_file_name", "avatar_content_type", "avatar_file_size", "avatar_updated_at", "slug", "created_at", "updated_at") VALUES ($1, $2, $3, $4, $5, $6, $7, $8, $9, $10, $11, $12) RETURNING "id"  [["alias", "Sexy"], ["first_name", "Ace"], ["last_name", "theCat"], ["email", "ace@meow.com"], ["password_digest", "$2a$10$FdnmpqssaMc0mTlsqhVJyuEFirOZvfKIif34blaBCeVXbRdBDKnN6"], ["avatar_file_name", "kench1_large.jpg"], ["avatar_content_type", "image/jpeg"], ["avatar_file_size", 79563], ["avatar_updated_at", "2015-11-22 00:54:43.167801"], ["slug", "sexy"], ["created_at", "2015-11-22 00:54:43.728122"], ["updated_at", "2015-11-22 00:54:43.728122"]]
  [1m[36m (1.8ms)[0m  [1mCOMMIT[0m
Redirected to http://localhost:3000/users/sexy
Completed 302 Found in 690ms (ActiveRecord: 10.7ms)


Started GET "/users/sexy" for ::1 at 2015-11-21 16:54:43 -0800
Processing by UsersController#show as HTML
  Parameters: {"id"=>"sexy"}
  [1m[35mUser Load (0.5ms)[0m  SELECT  "users".* FROM "users" WHERE "users"."slug" = $1  ORDER BY "users"."id" ASC LIMIT 1  [["slug", "sexy"]]
  [1m[36mEvent Load (6.8ms)[0m  [1mSELECT "events".* FROM "events" WHERE "events"."user_id" = $1[0m  [["user_id", 8]]
  Rendered users/show.html.erb within layouts/application (59.3ms)
  [1m[35mUser Load (0.6ms)[0m  SELECT  "users".* FROM "users" WHERE "users"."id" = $1 LIMIT 1  [["id", 8]]
  Rendered application/_nav.html.erb (3.0ms)
Completed 200 OK in 667ms (Views: 655.6ms | ActiveRecord: 9.1ms)


Started GET "/assets/greybg.jpg" for ::1 at 2015-11-21 16:54:44 -0800


Started GET "/users/sexy/edit" for ::1 at 2015-11-21 16:54:51 -0800
Processing by UsersController#edit as HTML
  Parameters: {"id"=>"sexy"}
  [1m[36mUser Load (0.5ms)[0m  [1mSELECT  "users".* FROM "users" WHERE "users"."slug" = $1  ORDER BY "users"."id" ASC LIMIT 1[0m  [["slug", "sexy"]]
  Rendered users/edit.html.erb within layouts/application (5.1ms)
  [1m[35mUser Load (0.4ms)[0m  SELECT  "users".* FROM "users" WHERE "users"."id" = $1 LIMIT 1  [["id", 8]]
  Rendered application/_nav.html.erb (1.4ms)
Completed 200 OK in 436ms (Views: 433.7ms | ActiveRecord: 0.8ms)


Started GET "/cities/san-francisco" for ::1 at 2015-11-21 16:54:54 -0800
Processing by CitiesController#show as HTML
  Parameters: {"id"=>"san-francisco"}
  [1m[36mCity Load (3.8ms)[0m  [1mSELECT  "cities".* FROM "cities" WHERE "cities"."slug" = $1  ORDER BY "cities"."id" ASC LIMIT 1[0m  [["slug", "san-francisco"]]
  [1m[35mEvent Load (7.0ms)[0m  SELECT "events".* FROM "events" WHERE "events"."city_id" = $1  ORDER BY "events"."event_date" ASC  [["city_id", 1]]
  Rendered cities/show.html.erb within layouts/application (27.0ms)
  [1m[36mUser Load (0.4ms)[0m  [1mSELECT  "users".* FROM "users" WHERE "users"."id" = $1 LIMIT 1[0m  [["id", 8]]
  Rendered application/_nav.html.erb (1.7ms)
Completed 200 OK in 431ms (Views: 395.0ms | ActiveRecord: 15.5ms)


Started GET "/assets/grim-sf.jpg" for ::1 at 2015-11-21 16:54:55 -0800


Started GET "/" for ::1 at 2015-11-21 16:54:58 -0800
Processing by UsersController#new as HTML
  Rendered users/new.html.erb within layouts/application (1.1ms)
  [1m[35mUser Load (0.4ms)[0m  SELECT  "users".* FROM "users" WHERE "users"."id" = $1 LIMIT 1  [["id", 8]]
  Rendered application/_nav.html.erb (1.5ms)
Completed 200 OK in 382ms (Views: 380.9ms | ActiveRecord: 0.4ms)


Started GET "/assets/vault.jpg" for ::1 at 2015-11-21 16:54:59 -0800


Started GET "/" for ::1 at 2015-11-21 18:03:47 -0800

ActiveRecord::NoDatabaseError (FATAL:  database "The_Vault_development" does not exist
):
  activerecord (4.2.4) lib/active_record/connection_adapters/postgresql_adapter.rb:665:in `rescue in connect'
  activerecord (4.2.4) lib/active_record/connection_adapters/postgresql_adapter.rb:655:in `connect'
  activerecord (4.2.4) lib/active_record/connection_adapters/postgresql_adapter.rb:242:in `initialize'
  activerecord (4.2.4) lib/active_record/connection_adapters/postgresql_adapter.rb:44:in `new'
  activerecord (4.2.4) lib/active_record/connection_adapters/postgresql_adapter.rb:44:in `postgresql_connection'
  activerecord (4.2.4) lib/active_record/connection_adapters/abstract/connection_pool.rb:438:in `new_connection'
  activerecord (4.2.4) lib/active_record/connection_adapters/abstract/connection_pool.rb:448:in `checkout_new_connection'
  activerecord (4.2.4) lib/active_record/connection_adapters/abstract/connection_pool.rb:422:in `acquire_connection'
  activerecord (4.2.4) lib/active_record/connection_adapters/abstract/connection_pool.rb:349:in `block in checkout'
  /Users/lukemadera/.rvm/rubies/ruby-2.2.1/lib/ruby/2.2.0/monitor.rb:211:in `mon_synchronize'
  activerecord (4.2.4) lib/active_record/connection_adapters/abstract/connection_pool.rb:348:in `checkout'
  activerecord (4.2.4) lib/active_record/connection_adapters/abstract/connection_pool.rb:263:in `block in connection'
  /Users/lukemadera/.rvm/rubies/ruby-2.2.1/lib/ruby/2.2.0/monitor.rb:211:in `mon_synchronize'
  activerecord (4.2.4) lib/active_record/connection_adapters/abstract/connection_pool.rb:262:in `connection'
  activerecord (4.2.4) lib/active_record/connection_adapters/abstract/connection_pool.rb:571:in `retrieve_connection'
  activerecord (4.2.4) lib/active_record/connection_handling.rb:113:in `retrieve_connection'
  activerecord (4.2.4) lib/active_record/connection_handling.rb:87:in `connection'
  activerecord (4.2.4) lib/active_record/migration.rb:383:in `connection'
  activerecord (4.2.4) lib/active_record/migration.rb:370:in `call'
  actionpack (4.2.4) lib/action_dispatch/middleware/callbacks.rb:29:in `block in call'
  activesupport (4.2.4) lib/active_support/callbacks.rb:88:in `__run_callbacks__'
  activesupport (4.2.4) lib/active_support/callbacks.rb:778:in `_run_call_callbacks'
  activesupport (4.2.4) lib/active_support/callbacks.rb:81:in `run_callbacks'
  actionpack (4.2.4) lib/action_dispatch/middleware/callbacks.rb:27:in `call'
  actionpack (4.2.4) lib/action_dispatch/middleware/reloader.rb:73:in `call'
  actionpack (4.2.4) lib/action_dispatch/middleware/remote_ip.rb:78:in `call'
  actionpack (4.2.4) lib/action_dispatch/middleware/debug_exceptions.rb:17:in `call'
  web-console (2.2.1) lib/web_console/middleware.rb:39:in `call'
  actionpack (4.2.4) lib/action_dispatch/middleware/show_exceptions.rb:30:in `call'
  railties (4.2.4) lib/rails/rack/logger.rb:38:in `call_app'
  railties (4.2.4) lib/rails/rack/logger.rb:20:in `block in call'
  activesupport (4.2.4) lib/active_support/tagged_logging.rb:68:in `block in tagged'
  activesupport (4.2.4) lib/active_support/tagged_logging.rb:26:in `tagged'
  activesupport (4.2.4) lib/active_support/tagged_logging.rb:68:in `tagged'
  railties (4.2.4) lib/rails/rack/logger.rb:20:in `call'
  actionpack (4.2.4) lib/action_dispatch/middleware/request_id.rb:21:in `call'
  rack (1.6.4) lib/rack/methodoverride.rb:22:in `call'
  rack (1.6.4) lib/rack/runtime.rb:18:in `call'
  activesupport (4.2.4) lib/active_support/cache/strategy/local_cache_middleware.rb:28:in `call'
  rack (1.6.4) lib/rack/lock.rb:17:in `call'
  actionpack (4.2.4) lib/action_dispatch/middleware/static.rb:116:in `call'
  rack (1.6.4) lib/rack/sendfile.rb:113:in `call'
  railties (4.2.4) lib/rails/engine.rb:518:in `call'
  railties (4.2.4) lib/rails/application.rb:165:in `call'
  rack (1.6.4) lib/rack/lock.rb:17:in `call'
  rack (1.6.4) lib/rack/content_length.rb:15:in `call'
  rack (1.6.4) lib/rack/handler/webrick.rb:88:in `service'
  /Users/lukemadera/.rvm/rubies/ruby-2.2.1/lib/ruby/2.2.0/webrick/httpserver.rb:138:in `service'
  /Users/lukemadera/.rvm/rubies/ruby-2.2.1/lib/ruby/2.2.0/webrick/httpserver.rb:94:in `run'
  /Users/lukemadera/.rvm/rubies/ruby-2.2.1/lib/ruby/2.2.0/webrick/server.rb:294:in `block in start_thread'


  Rendered /Users/lukemadera/.rvm/gems/ruby-2.2.1/gems/actionpack-4.2.4/lib/action_dispatch/middleware/templates/rescues/_source.erb (2.2ms)
  Rendered /Users/lukemadera/.rvm/gems/ruby-2.2.1/gems/actionpack-4.2.4/lib/action_dispatch/middleware/templates/rescues/_trace.html.erb (1.2ms)
  Rendered /Users/lukemadera/.rvm/gems/ruby-2.2.1/gems/actionpack-4.2.4/lib/action_dispatch/middleware/templates/rescues/_request_and_response.html.erb (0.6ms)
  Rendered /Users/lukemadera/.rvm/gems/ruby-2.2.1/gems/actionpack-4.2.4/lib/action_dispatch/middleware/templates/rescues/diagnostics.html.erb within rescues/layout (37.7ms)
  Rendered /Users/lukemadera/.rvm/gems/ruby-2.2.1/gems/web-console-2.2.1/lib/web_console/templates/_markup.html.erb (0.3ms)
  Rendered /Users/lukemadera/.rvm/gems/ruby-2.2.1/gems/web-console-2.2.1/lib/web_console/templates/_inner_console_markup.html.erb within layouts/inlined_string (0.2ms)
  Rendered /Users/lukemadera/.rvm/gems/ruby-2.2.1/gems/web-console-2.2.1/lib/web_console/templates/_prompt_box_markup.html.erb within layouts/inlined_string (0.2ms)
  Rendered /Users/lukemadera/.rvm/gems/ruby-2.2.1/gems/web-console-2.2.1/lib/web_console/templates/style.css.erb within layouts/inlined_string (0.3ms)
  Rendered /Users/lukemadera/.rvm/gems/ruby-2.2.1/gems/web-console-2.2.1/lib/web_console/templates/console.js.erb within layouts/javascript (35.1ms)
  Rendered /Users/lukemadera/.rvm/gems/ruby-2.2.1/gems/web-console-2.2.1/lib/web_console/templates/main.js.erb within layouts/javascript (0.2ms)
  Rendered /Users/lukemadera/.rvm/gems/ruby-2.2.1/gems/web-console-2.2.1/lib/web_console/templates/error_page.js.erb within layouts/javascript (0.2ms)
  Rendered /Users/lukemadera/.rvm/gems/ruby-2.2.1/gems/web-console-2.2.1/lib/web_console/templates/index.html.erb (77.3ms)


Started GET "/" for ::1 at 2015-11-21 18:24:59 -0800

ActiveRecord::PendingMigrationError (

Migrations are pending. To resolve this issue, run:

	bin/rake db:migrate RAILS_ENV=development

):
  activerecord (4.2.4) lib/active_record/migration.rb:392:in `check_pending!'
  activerecord (4.2.4) lib/active_record/migration.rb:373:in `call'
  actionpack (4.2.4) lib/action_dispatch/middleware/callbacks.rb:29:in `block in call'
  activesupport (4.2.4) lib/active_support/callbacks.rb:88:in `__run_callbacks__'
  activesupport (4.2.4) lib/active_support/callbacks.rb:778:in `_run_call_callbacks'
  activesupport (4.2.4) lib/active_support/callbacks.rb:81:in `run_callbacks'
  actionpack (4.2.4) lib/action_dispatch/middleware/callbacks.rb:27:in `call'
  actionpack (4.2.4) lib/action_dispatch/middleware/reloader.rb:73:in `call'
  actionpack (4.2.4) lib/action_dispatch/middleware/remote_ip.rb:78:in `call'
  actionpack (4.2.4) lib/action_dispatch/middleware/debug_exceptions.rb:17:in `call'
  web-console (2.2.1) lib/web_console/middleware.rb:39:in `call'
  actionpack (4.2.4) lib/action_dispatch/middleware/show_exceptions.rb:30:in `call'
  railties (4.2.4) lib/rails/rack/logger.rb:38:in `call_app'
  railties (4.2.4) lib/rails/rack/logger.rb:20:in `block in call'
  activesupport (4.2.4) lib/active_support/tagged_logging.rb:68:in `block in tagged'
  activesupport (4.2.4) lib/active_support/tagged_logging.rb:26:in `tagged'
  activesupport (4.2.4) lib/active_support/tagged_logging.rb:68:in `tagged'
  railties (4.2.4) lib/rails/rack/logger.rb:20:in `call'
  actionpack (4.2.4) lib/action_dispatch/middleware/request_id.rb:21:in `call'
  rack (1.6.4) lib/rack/methodoverride.rb:22:in `call'
  rack (1.6.4) lib/rack/runtime.rb:18:in `call'
  activesupport (4.2.4) lib/active_support/cache/strategy/local_cache_middleware.rb:28:in `call'
  rack (1.6.4) lib/rack/lock.rb:17:in `call'
  actionpack (4.2.4) lib/action_dispatch/middleware/static.rb:116:in `call'
  rack (1.6.4) lib/rack/sendfile.rb:113:in `call'
  railties (4.2.4) lib/rails/engine.rb:518:in `call'
  railties (4.2.4) lib/rails/application.rb:165:in `call'
  rack (1.6.4) lib/rack/lock.rb:17:in `call'
  rack (1.6.4) lib/rack/content_length.rb:15:in `call'
  rack (1.6.4) lib/rack/handler/webrick.rb:88:in `service'
  /Users/lukemadera/.rvm/rubies/ruby-2.2.1/lib/ruby/2.2.0/webrick/httpserver.rb:138:in `service'
  /Users/lukemadera/.rvm/rubies/ruby-2.2.1/lib/ruby/2.2.0/webrick/httpserver.rb:94:in `run'
  /Users/lukemadera/.rvm/rubies/ruby-2.2.1/lib/ruby/2.2.0/webrick/server.rb:294:in `block in start_thread'


  Rendered /Users/lukemadera/.rvm/gems/ruby-2.2.1/gems/actionpack-4.2.4/lib/action_dispatch/middleware/templates/rescues/_source.erb (1.8ms)
  Rendered /Users/lukemadera/.rvm/gems/ruby-2.2.1/gems/actionpack-4.2.4/lib/action_dispatch/middleware/templates/rescues/_trace.html.erb (1.6ms)
  Rendered /Users/lukemadera/.rvm/gems/ruby-2.2.1/gems/actionpack-4.2.4/lib/action_dispatch/middleware/templates/rescues/_request_and_response.html.erb (1.3ms)
  Rendered /Users/lukemadera/.rvm/gems/ruby-2.2.1/gems/actionpack-4.2.4/lib/action_dispatch/middleware/templates/rescues/diagnostics.html.erb within rescues/layout (46.0ms)
  Rendered /Users/lukemadera/.rvm/gems/ruby-2.2.1/gems/web-console-2.2.1/lib/web_console/templates/_markup.html.erb (0.4ms)
  Rendered /Users/lukemadera/.rvm/gems/ruby-2.2.1/gems/web-console-2.2.1/lib/web_console/templates/_inner_console_markup.html.erb within layouts/inlined_string (0.4ms)
  Rendered /Users/lukemadera/.rvm/gems/ruby-2.2.1/gems/web-console-2.2.1/lib/web_console/templates/_prompt_box_markup.html.erb within layouts/inlined_string (0.3ms)
  Rendered /Users/lukemadera/.rvm/gems/ruby-2.2.1/gems/web-console-2.2.1/lib/web_console/templates/style.css.erb within layouts/inlined_string (0.3ms)
  Rendered /Users/lukemadera/.rvm/gems/ruby-2.2.1/gems/web-console-2.2.1/lib/web_console/templates/console.js.erb within layouts/javascript (40.4ms)
  Rendered /Users/lukemadera/.rvm/gems/ruby-2.2.1/gems/web-console-2.2.1/lib/web_console/templates/main.js.erb within layouts/javascript (0.2ms)
  Rendered /Users/lukemadera/.rvm/gems/ruby-2.2.1/gems/web-console-2.2.1/lib/web_console/templates/error_page.js.erb within layouts/javascript (0.3ms)
  Rendered /Users/lukemadera/.rvm/gems/ruby-2.2.1/gems/web-console-2.2.1/lib/web_console/templates/index.html.erb (87.2ms)
  [1m[36m (5.6ms)[0m  [1mCREATE TABLE "schema_migrations" ("version" character varying NOT NULL) [0m
  [1m[35m (0.9ms)[0m  CREATE UNIQUE INDEX  "unique_schema_migrations" ON "schema_migrations"  ("version")
  [1m[36mActiveRecord::SchemaMigration Load (0.2ms)[0m  [1mSELECT "schema_migrations".* FROM "schema_migrations"[0m
Migrating to CreateUsers (20151112193445)
  [1m[35m (0.2ms)[0m  BEGIN
  [1m[36m (26.8ms)[0m  [1mCREATE TABLE "users" ("id" serial primary key, "alias" character varying, "email" character varying, "password_digest" character varying, "current_city_id" character varying, "profile_pic_url" character varying, "first_name" character varying, "last_name" character varying, "created_at" timestamp NOT NULL, "updated_at" timestamp NOT NULL) [0m
  [1m[35mSQL (0.3ms)[0m  INSERT INTO "schema_migrations" ("version") VALUES ($1)  [["version", "20151112193445"]]
  [1m[36m (0.3ms)[0m  [1mCOMMIT[0m
Migrating to CreateCities (20151112232556)
  [1m[35m (6.0ms)[0m  BEGIN
  [1m[36m (20.4ms)[0m  [1mCREATE TABLE "cities" ("id" serial primary key, "name" character varying, "created_at" timestamp NOT NULL, "updated_at" timestamp NOT NULL) [0m
  [1m[35mSQL (0.2ms)[0m  INSERT INTO "schema_migrations" ("version") VALUES ($1)  [["version", "20151112232556"]]
  [1m[36m (0.5ms)[0m  [1mCOMMIT[0m
Migrating to CreateEvents (20151112232841)
  [1m[35m (6.1ms)[0m  BEGIN
  [1m[36m (18.8ms)[0m  [1mCREATE TABLE "events" ("id" serial primary key, "user_id" integer, "city_id" integer, "title" character varying, "body" character varying, "created_at" timestamp NOT NULL, "updated_at" timestamp NOT NULL) [0m
  [1m[35mSQL (7.4ms)[0m  INSERT INTO "schema_migrations" ("version") VALUES ($1)  [["version", "20151112232841"]]
  [1m[36m (0.4ms)[0m  [1mCOMMIT[0m
Migrating to AddEventDateToEvents (20151114003333)
  [1m[35m (6.1ms)[0m  BEGIN
  [1m[36m (6.2ms)[0m  [1mALTER TABLE "events" ADD "event_date" timestamp[0m
  [1m[35mSQL (0.2ms)[0m  INSERT INTO "schema_migrations" ("version") VALUES ($1)  [["version", "20151114003333"]]
  [1m[36m (11.7ms)[0m  [1mCOMMIT[0m
Migrating to RemoveCurrentCityIdfromUsers (20151114003733)
  [1m[35m (0.1ms)[0m  BEGIN
  [1m[36m (0.5ms)[0m  [1mALTER TABLE "users" DROP "current_city_id"[0m
  [1m[35mSQL (0.1ms)[0m  INSERT INTO "schema_migrations" ("version") VALUES ($1)  [["version", "20151114003733"]]
  [1m[36m (6.4ms)[0m  [1mCOMMIT[0m
Migrating to AddSlugToEvent (20151115223852)
  [1m[35m (0.2ms)[0m  BEGIN
  [1m[36m (0.3ms)[0m  [1mALTER TABLE "events" ADD "slug" character varying[0m
  [1m[35m (7.0ms)[0m  CREATE UNIQUE INDEX  "index_events_on_slug" ON "events"  ("slug")
  [1m[36mSQL (0.2ms)[0m  [1mINSERT INTO "schema_migrations" ("version") VALUES ($1)[0m  [["version", "20151115223852"]]
  [1m[35m (6.3ms)[0m  COMMIT
Migrating to AddSlugToCity (20151115224558)
  [1m[36m (0.2ms)[0m  [1mBEGIN[0m
  [1m[35m (0.3ms)[0m  ALTER TABLE "cities" ADD "slug" character varying
  [1m[36m (6.3ms)[0m  [1mCREATE UNIQUE INDEX  "index_cities_on_slug" ON "cities"  ("slug")[0m
  [1m[35mSQL (0.2ms)[0m  INSERT INTO "schema_migrations" ("version") VALUES ($1)  [["version", "20151115224558"]]
  [1m[36m (6.1ms)[0m  [1mCOMMIT[0m
Migrating to AddSlugToUser (20151115225033)
  [1m[35m (0.1ms)[0m  BEGIN
  [1m[36m (0.3ms)[0m  [1mALTER TABLE "users" ADD "slug" character varying[0m
  [1m[35m (6.2ms)[0m  CREATE UNIQUE INDEX  "index_users_on_slug" ON "users"  ("slug")
  [1m[36mSQL (0.2ms)[0m  [1mINSERT INTO "schema_migrations" ("version") VALUES ($1)[0m  [["version", "20151115225033"]]
  [1m[35m (9.0ms)[0m  COMMIT
Migrating to AddAttachmentAvatarToUsers (20151116023043)
  [1m[36m (0.2ms)[0m  [1mBEGIN[0m
  [1m[35m (0.3ms)[0m  ALTER TABLE "users" ADD "avatar_file_name" character varying
  [1m[36m (0.2ms)[0m  [1mALTER TABLE "users" ADD "avatar_content_type" character varying[0m
  [1m[35m (0.1ms)[0m  ALTER TABLE "users" ADD "avatar_file_size" integer
  [1m[36m (0.1ms)[0m  [1mALTER TABLE "users" ADD "avatar_updated_at" timestamp[0m
  [1m[35mSQL (0.1ms)[0m  INSERT INTO "schema_migrations" ("version") VALUES ($1)  [["version", "20151116023043"]]
  [1m[36m (6.1ms)[0m  [1mCOMMIT[0m
Migrating to RemoveProfilePicUrlFromUsers (20151116053637)
  [1m[35m (0.2ms)[0m  BEGIN
  [1m[36m (0.4ms)[0m  [1mALTER TABLE "users" DROP "profile_pic_url"[0m
  [1m[35mSQL (0.1ms)[0m  INSERT INTO "schema_migrations" ("version") VALUES ($1)  [["version", "20151116053637"]]
  [1m[36m (6.1ms)[0m  [1mCOMMIT[0m
Migrating to AddLatLongToCities (20151116054516)
  [1m[35m (0.1ms)[0m  BEGIN
  [1m[36m (0.2ms)[0m  [1mALTER TABLE "cities" ADD "lat" float[0m
  [1m[35m (0.2ms)[0m  ALTER TABLE "cities" ADD "long" float
  [1m[36mSQL (0.1ms)[0m  [1mINSERT INTO "schema_migrations" ("version") VALUES ($1)[0m  [["version", "20151116054516"]]
  [1m[35m (6.3ms)[0m  COMMIT
  [1m[36mActiveRecord::SchemaMigration Load (0.2ms)[0m  [1mSELECT "schema_migrations".* FROM "schema_migrations"[0m
  [1m[35m (1.8ms)[0m  SELECT t2.oid::regclass::text AS to_table, a1.attname AS column, a2.attname AS primary_key, c.conname AS name, c.confupdtype AS on_update, c.confdeltype AS on_delete
FROM pg_constraint c
JOIN pg_class t1 ON c.conrelid = t1.oid
JOIN pg_class t2 ON c.confrelid = t2.oid
JOIN pg_attribute a1 ON a1.attnum = c.conkey[1] AND a1.attrelid = t1.oid
JOIN pg_attribute a2 ON a2.attnum = c.confkey[1] AND a2.attrelid = t2.oid
JOIN pg_namespace t3 ON c.connamespace = t3.oid
WHERE c.contype = 'f'
  AND t1.relname = 'cities'
  AND t3.nspname = ANY (current_schemas(false))
ORDER BY c.conname

  [1m[36m (1.3ms)[0m  [1mSELECT t2.oid::regclass::text AS to_table, a1.attname AS column, a2.attname AS primary_key, c.conname AS name, c.confupdtype AS on_update, c.confdeltype AS on_delete
FROM pg_constraint c
JOIN pg_class t1 ON c.conrelid = t1.oid
JOIN pg_class t2 ON c.confrelid = t2.oid
JOIN pg_attribute a1 ON a1.attnum = c.conkey[1] AND a1.attrelid = t1.oid
JOIN pg_attribute a2 ON a2.attnum = c.confkey[1] AND a2.attrelid = t2.oid
JOIN pg_namespace t3 ON c.connamespace = t3.oid
WHERE c.contype = 'f'
  AND t1.relname = 'events'
  AND t3.nspname = ANY (current_schemas(false))
ORDER BY c.conname
[0m
  [1m[35m (1.2ms)[0m  SELECT t2.oid::regclass::text AS to_table, a1.attname AS column, a2.attname AS primary_key, c.conname AS name, c.confupdtype AS on_update, c.confdeltype AS on_delete
FROM pg_constraint c
JOIN pg_class t1 ON c.conrelid = t1.oid
JOIN pg_class t2 ON c.confrelid = t2.oid
JOIN pg_attribute a1 ON a1.attnum = c.conkey[1] AND a1.attrelid = t1.oid
JOIN pg_attribute a2 ON a2.attnum = c.confkey[1] AND a2.attrelid = t2.oid
JOIN pg_namespace t3 ON c.connamespace = t3.oid
WHERE c.contype = 'f'
  AND t1.relname = 'users'
  AND t3.nspname = ANY (current_schemas(false))
ORDER BY c.conname



Started GET "/" for ::1 at 2015-11-21 18:25:22 -0800
  [1m[36mActiveRecord::SchemaMigration Load (0.2ms)[0m  [1mSELECT "schema_migrations".* FROM "schema_migrations"[0m
Processing by UsersController#new as HTML
  Rendered users/new.html.erb within layouts/application (8.8ms)
  Rendered application/_nav.html.erb (0.7ms)
Completed 200 OK in 2163ms (Views: 2132.0ms | ActiveRecord: 1.7ms)


Started GET "/assets/sessions.self-e3b0c44298fc1c149afbf4c8996fb92427ae41e4649b934ca495991b7852b855.css?body=1" for ::1 at 2015-11-21 18:25:25 -0800


Started GET "/assets/cities.self-156a7c10e2abfc207c1b97689ace266e3ca0ce027bf5198e34eb644d48a11ee2.css?body=1" for ::1 at 2015-11-21 18:25:25 -0800


Started GET "/assets/events.self-e3b0c44298fc1c149afbf4c8996fb92427ae41e4649b934ca495991b7852b855.css?body=1" for ::1 at 2015-11-21 18:25:25 -0800


Started GET "/assets/user.self-795d3393fd19c9c03013ca7e645897af991d92cfb18e008bf6117861c8ef82ca.css?body=1" for ::1 at 2015-11-21 18:25:25 -0800


Started GET "/assets/application.self-7aa01326da5ee1b214c20188a2c465031d474070a3480aa1e02b1a1b47583f7a.css?body=1" for ::1 at 2015-11-21 18:25:25 -0800


Started GET "/assets/twitter/bootstrap.self-d7e1376b07cabe69dbc6b3b78a5babda2587322b97ddb51cc284347e18d6eb0b.css?body=1" for ::1 at 2015-11-21 18:25:25 -0800


Started GET "/assets/jquery-ui/theme.self-df1da30301997b52795cb0213bccd335f2897b65f84d1d7d7c63c04f048d902f.css?body=1" for ::1 at 2015-11-21 18:25:25 -0800


Started GET "/assets/jquery-ui/core.self-23329dbe1961b938278306c019037fe36ff6ccb28193f1038e52ccbf52858163.css?body=1" for ::1 at 2015-11-21 18:25:25 -0800


Started GET "/assets/jquery-ui/accordion.self-ab9f397561a07488cf14279bc7186619e859cdd485b81d3a6439e85b81d32a05.css?body=1" for ::1 at 2015-11-21 18:25:25 -0800


Started GET "/assets/jquery-ui/menu.self-5277268fc75b8d6e851ccb5ca12e162c7440315d70974f34db800bc70330f135.css?body=1" for ::1 at 2015-11-21 18:25:25 -0800


Started GET "/assets/jquery-ui/autocomplete.self-2d6dfccae4fba2fe27d00372b974d4540d75a00cea6ceaa0a6aa33852b9d3ac3.css?body=1" for ::1 at 2015-11-21 18:25:25 -0800


Started GET "/assets/jquery-ui/button.self-524bbf2d9cf9547e14eda3866ad90726890ff390563ea46013c1ca019694c320.css?body=1" for ::1 at 2015-11-21 18:25:25 -0800


Started GET "/assets/jquery-ui/datepicker.self-bf92a2196df590f06fad4ab5bb7ed4db1874a9bef0c9af85ea0490d2108b9966.css?body=1" for ::1 at 2015-11-21 18:25:25 -0800


Started GET "/assets/jquery-ui/draggable.self-ff524fb7ae3023ef910b4e6c5cd7260e4f4dc6fb2eca9a525dd478017639bbba.css?body=1" for ::1 at 2015-11-21 18:25:25 -0800


Started GET "/assets/jquery-ui/resizable.self-3a16663ae8d70cc7f633554daff3a5875f54915ae3071fc3f3a1aeb0f7c8ab24.css?body=1" for ::1 at 2015-11-21 18:25:25 -0800


Started GET "/assets/jquery-ui/dialog.self-3e41d6ad769c697e76dceeef1bf376008c8e93e85c144fea25437fa3188d86b8.css?body=1" for ::1 at 2015-11-21 18:25:25 -0800


Started GET "/assets/jquery-ui/progressbar.self-de3d9f82b3ceaaa88bb0686e77f2548a3cfea1cf4dc37df4f3bc70f99d86a95a.css?body=1" for ::1 at 2015-11-21 18:25:25 -0800


Started GET "/assets/jquery-ui/selectable.self-fa1d88ada89c5a57dae84c7cb4f17bf153cb1cff063ed4ba2091b5b5f54e77e6.css?body=1" for ::1 at 2015-11-21 18:25:25 -0800


Started GET "/assets/jquery-ui/selectmenu.self-9a2b20dc7f10d3a7b09d0dc5d038d02dd1aff160e97abf8eaa3d3f5ab09fbb4b.css?body=1" for ::1 at 2015-11-21 18:25:25 -0800


Started GET "/assets/jquery-ui/sortable.self-bd8078895e9d12cd8586eb9b507ccb4d533daadd0f103f7387554c30cc96313f.css?body=1" for ::1 at 2015-11-21 18:25:25 -0800


Started GET "/assets/jquery-ui/slider.self-57c4d255d192836d85e1253fe091b5b01fed1c389b0dbdedd71c129dcf1cfd35.css?body=1" for ::1 at 2015-11-21 18:25:25 -0800


Started GET "/assets/jquery-ui/spinner.self-2d292d2e83f1281032010a5acb9cb23492aeecdc95395a5d93f2a3bba9a2c400.css?body=1" for ::1 at 2015-11-21 18:25:25 -0800


Started GET "/assets/jquery-ui/tabs.self-3dec02555ec77af087a252cdd5be276e714d0059e052a2c92dc2c5401e9df63d.css?body=1" for ::1 at 2015-11-21 18:25:25 -0800


Started GET "/assets/jquery-ui/tooltip.self-a349b3ba7b1458eed72dc3ffba597af53b9ceb622e7a324cdfd1c01c7b351f1f.css?body=1" for ::1 at 2015-11-21 18:25:25 -0800


Started GET "/assets/jquery-ui/base.self-1b94b6a8eaf399d6f662a2ffe0b9b52a958c6180e15b6e07a7ecab0087c9234d.css?body=1" for ::1 at 2015-11-21 18:25:25 -0800


Started GET "/assets/jquery-ui/all.self-a9629accff9d629face2489f3b6d620ded83dd62f6f04f69e5b33eea2b8d73b6.css?body=1" for ::1 at 2015-11-21 18:25:25 -0800


Started GET "/assets/jquery-ui.self-e3b0c44298fc1c149afbf4c8996fb92427ae41e4649b934ca495991b7852b855.css?body=1" for ::1 at 2015-11-21 18:25:25 -0800


Started GET "/assets/jquery.self-a714331225dda820228db323939889f149aec0127aeb06255646b616ba1ca419.js?body=1" for ::1 at 2015-11-21 18:25:25 -0800


Started GET "/assets/jquery_ujs.self-d456baa54c1fa6be2ec3711f0a72ddf7a5b2f34a6b4f515f33767d6207b7d4b3.js?body=1" for ::1 at 2015-11-21 18:25:25 -0800


Started GET "/assets/turbolinks.self-c37727e9bd6b2735da5c311aa83fead54ed0be6cc8bd9a65309e9c5abe2cbfff.js?body=1" for ::1 at 2015-11-21 18:25:25 -0800


Started GET "/assets/twitter/bootstrap/transition.self-09ff30b1e8a93d1f7728b9855f55d9c9d8d5734c8861e0d8139994e50944572a.js?body=1" for ::1 at 2015-11-21 18:25:25 -0800


Started GET "/assets/twitter/bootstrap/alert.self-a29e91e8cd3ddaba9bbc466901d53ec2127e9256b9b941905d525a3a716bd1a5.js?body=1" for ::1 at 2015-11-21 18:25:25 -0800


Started GET "/assets/twitter/bootstrap/modal.self-72f95ffa1071297725a9ac91989693d56d1abf23f441a47455073b0da2857a5b.js?body=1" for ::1 at 2015-11-21 18:25:25 -0800


Started GET "/assets/twitter/bootstrap/dropdown.self-9314126777c6be5443e37ea7f7967d7914d72b3e60449ba50edc967446373059.js?body=1" for ::1 at 2015-11-21 18:25:25 -0800


Started GET "/assets/twitter/bootstrap/scrollspy.self-a155b9d4b2f978905f0326c0f6635e1134fe91c6bfbfcbad079fa24a9fef2b0e.js?body=1" for ::1 at 2015-11-21 18:25:25 -0800


Started GET "/assets/twitter/bootstrap/tab.self-122235057fbd4c6c7da377d59dc58f47b44cb1088a2e38e6ee6ce9d8ac29a26a.js?body=1" for ::1 at 2015-11-21 18:25:25 -0800


Started GET "/assets/twitter/bootstrap/tooltip.self-11cf547be953f25f511cec668f6690473fd97b2f65502e4032f4030999a3f0c3.js?body=1" for ::1 at 2015-11-21 18:25:25 -0800


Started GET "/assets/twitter/bootstrap/popover.self-77d8e3a2499c1104ef146396a68b82469ee2bdb365199b874694698d10405e9a.js?body=1" for ::1 at 2015-11-21 18:25:25 -0800


Started GET "/assets/twitter/bootstrap/button.self-a6cb16785434acb365ae426aef9f1fce05ed553cae7a965e4471c3da71509175.js?body=1" for ::1 at 2015-11-21 18:25:25 -0800


Started GET "/assets/twitter/bootstrap/collapse.self-7dc8bfbc2fbfabd2bad62c58ff8ffeaf8f20fb87c7ca6cd35f06d4dc19632587.js?body=1" for ::1 at 2015-11-21 18:25:25 -0800


Started GET "/assets/twitter/bootstrap/carousel.self-57eb8422043cf0a85b7a9dc6843916eb0a3e35b419c7798a5eb254b918997631.js?body=1" for ::1 at 2015-11-21 18:25:25 -0800


Started GET "/assets/twitter/bootstrap/affix.self-d2b642d8fbfc1d7041e2edefd66683ada567a980789dcd6f94fddda0b33408b5.js?body=1" for ::1 at 2015-11-21 18:25:25 -0800


Started GET "/assets/twitter/bootstrap.self-fbfa5ad7d9aa0afe439ec4ff3883acc4cb92b62cb67c40d674320c9aa1d4642d.js?body=1" for ::1 at 2015-11-21 18:25:25 -0800


Started GET "/assets/googlemaps.self-a1edb212caac7e225bfb940b25ce4f2b2bd6b1f67e3e0e04a901f071c1f63dab.js?body=1" for ::1 at 2015-11-21 18:25:25 -0800


Started GET "/assets/cities.self-877aef30ae1b040ab8a3aba4e3e309a11d7f2612f44dde450b5c157aa5f95c05.js?body=1" for ::1 at 2015-11-21 18:25:25 -0800


Started GET "/assets/events.self-877aef30ae1b040ab8a3aba4e3e309a11d7f2612f44dde450b5c157aa5f95c05.js?body=1" for ::1 at 2015-11-21 18:25:25 -0800


Started GET "/assets/sessions.self-877aef30ae1b040ab8a3aba4e3e309a11d7f2612f44dde450b5c157aa5f95c05.js?body=1" for ::1 at 2015-11-21 18:25:25 -0800


Started GET "/assets/user.self-877aef30ae1b040ab8a3aba4e3e309a11d7f2612f44dde450b5c157aa5f95c05.js?body=1" for ::1 at 2015-11-21 18:25:25 -0800


Started GET "/assets/application.self-74b52f8c0437f764ea5db8f201abddf8fc1fb583436647bf951a0ef8c0ded4e6.js?body=1" for ::1 at 2015-11-21 18:25:25 -0800


Started GET "/assets/greybg.jpg" for ::1 at 2015-11-21 18:25:25 -0800


Started GET "/assets/vault.jpg" for ::1 at 2015-11-21 18:25:25 -0800
